[debug] [2019-08-07T19:42:43.693Z] ----------------------------------------------------------------------
[debug] [2019-08-07T19:42:43.698Z] Command:       C:\Program Files\nodejs\node.exe C:\Users\bhancock8-gtri\AppData\Roaming\npm\node_modules\firebase-tools\lib\bin\firebase.js deploy
[debug] [2019-08-07T19:42:43.699Z] CLI Version:   7.2.2
[debug] [2019-08-07T19:42:43.699Z] Platform:      win32
[debug] [2019-08-07T19:42:43.699Z] Node Version:  v10.13.0
[debug] [2019-08-07T19:42:43.701Z] Time:          Wed Aug 07 2019 15:42:43 GMT-0400 (Eastern Daylight Time)
[debug] [2019-08-07T19:42:43.701Z] ----------------------------------------------------------------------
[debug] 
[debug] [2019-08-07T19:42:43.714Z] > command requires scopes: ["email","openid","https://www.googleapis.com/auth/cloudplatformprojects.readonly","https://www.googleapis.com/auth/firebase","https://www.googleapis.com/auth/cloud-platform"]
[debug] [2019-08-07T19:42:43.715Z] > authorizing via signed-in user
[debug] [2019-08-07T19:42:43.715Z] [iam] checking project pwagram-efcaa for permissions ["cloudfunctions.functions.create","cloudfunctions.functions.delete","cloudfunctions.functions.get","cloudfunctions.functions.list","cloudfunctions.functions.update","cloudfunctions.operations.get","firebase.projects.get","firebasehosting.sites.update"]
[debug] [2019-08-07T19:42:43.717Z] >>> HTTP REQUEST POST https://cloudresourcemanager.googleapis.com/v1/projects/pwagram-efcaa:testIamPermissions  

[debug] [2019-08-07T19:42:44.002Z] <<< HTTP RESPONSE 200
[debug] [2019-08-07T19:42:44.017Z] >>> HTTP REQUEST GET https://firebase.googleapis.com/v1beta1/projects/pwagram-efcaa  
 
[debug] [2019-08-07T19:42:44.244Z] <<< HTTP RESPONSE 200
[info] 
[info] === Deploying to 'pwagram-efcaa'...
[info] 
[info] i  deploying functions, hosting
[debug] [2019-08-07T19:42:47.935Z] > [functions] package.json contents: {
  "name": "functions",
  "description": "Cloud Functions for Firebase",
  "scripts": {
    "serve": "firebase serve --only functions",
    "shell": "firebase functions:shell",
    "start": "npm run shell",
    "deploy": "firebase deploy --only functions",
    "logs": "firebase functions:log",
    "web-push": "web-push"
  },
  "engines": {
    "node": "8"
  },
  "dependencies": {
    "cors": "^2.8.5",
    "firebase-admin": "^8.3.0",
    "firebase-functions": "^3.1.0",
    "web-push": "^3.3.5"
  },
  "devDependencies": {
    "firebase-functions-test": "^0.1.6"
  },
  "private": true
}
[info] i  functions: ensuring necessary APIs are enabled...
[debug] [2019-08-07T19:42:47.938Z] >>> HTTP REQUEST GET https://serviceusage.googleapis.com/v1/projects/pwagram-efcaa/services/cloudfunctions.googleapis.com  
 
[debug] [2019-08-07T19:42:47.939Z] >>> HTTP REQUEST GET https://serviceusage.googleapis.com/v1/projects/pwagram-efcaa/services/runtimeconfig.googleapis.com  
 
[debug] [2019-08-07T19:42:48.244Z] <<< HTTP RESPONSE 200
[debug] [2019-08-07T19:42:48.268Z] <<< HTTP RESPONSE 200
[info] +  functions: all necessary APIs are enabled
[debug] [2019-08-07T19:42:48.270Z] >>> HTTP REQUEST GET https://firebase.googleapis.com/v1beta1/projects/pwagram-efcaa/adminSdkConfig  
 
[debug] [2019-08-07T19:42:48.435Z] <<< HTTP RESPONSE 200
[debug] [2019-08-07T19:42:48.437Z] >>> HTTP REQUEST POST https://firebasehosting.googleapis.com/v1beta1/sites/pwagram-efcaa/versions  

[debug] [2019-08-07T19:42:49.308Z] <<< HTTP RESPONSE 200
[info] i  functions: preparing functions directory for uploading...
[debug] [2019-08-07T19:42:49.312Z] >>> HTTP REQUEST GET https://runtimeconfig.googleapis.com/v1beta1/projects/pwagram-efcaa/configs  
 
[debug] [2019-08-07T19:42:49.569Z] <<< HTTP RESPONSE 200
[info] i  functions: packaged functions (26.6 KB) for uploading
[debug] [2019-08-07T19:42:50.158Z] >>> HTTP REQUEST POST https://cloudfunctions.googleapis.com/v1/projects/pwagram-efcaa/locations/us-central1/functions:generateUploadUrl  
 
[debug] [2019-08-07T19:42:50.584Z] <<< HTTP RESPONSE 200
[debug] [2019-08-07T19:42:50.585Z] >>> HTTP REQUEST PUT https://storage.googleapis.com/gcf-upload-us-central1-320dabe7-ac84-47e3-9680-0bdaf551dc1a/d9b764a1-a5f5-4805-a8c4-48b71a33d775.zip?GoogleAccessId=service-946564340141@gcf-admin-robot.iam.gserviceaccount.com&Expires=1565208770&Signature=aLyeYo%2FaINsBLAWI3BP4UeWbw7GQ4eUyJj4TJwfz6iKnw9rJVDoqUmIQFEHtkWWyLJh8L6QGek%2B%2FrbOe%2BeO9abRp0iWJqqG04YLBnzkKf0BdELrtXEFp4cMYCLrDmyVBEyM8iTZBQnDHpiaDziquf8%2Bwv1frzxMCVH32lgSwJgpDg9NewuqGcmCFwcm2ESVOvsgWs47RCDCCF1g5O3OuT9esJWoydVxngfgnh5%2FejdP9DKaAK39%2FkQrJb5QvjN1N0vzVve%2FOQ%2B97iI52bjVQNzj6VBQJtiVMXAcOQBNNfuPAiCxyD9sI9wni27fgQtESkmWBnUsOhCbr5C1zWxJOmQ%3D%3D  
 <request body omitted>
[debug] [2019-08-07T19:42:50.830Z] <<< HTTP RESPONSE 200
[info] +  functions: functions folder uploaded successfully
[info] i  hosting[pwagram-efcaa]: beginning deploy...
[info] i  hosting[pwagram-efcaa]: found 37 files in public
[debug] [2019-08-07T19:42:50.864Z] [hosting] hash cache [cHVibGlj] load error: lines is not defined
[debug] [2019-08-07T19:42:50.915Z] [hosting] hash cache [cHVibGlj] stored for 37 files
[debug] [2019-08-07T19:42:50.915Z] [hosting][hash queue][FINAL]
[debug] [2019-08-07T19:42:50.915Z] >>> HTTP REQUEST POST https://firebasehosting.googleapis.com/v1beta1/sites/pwagram-efcaa/versions/c4cb1ee1aab6cf61:populateFiles  
 <request body omitted>
[debug] [2019-08-07T19:42:51.845Z] <<< HTTP RESPONSE 200
[debug] [2019-08-07T19:42:51.850Z] [hosting][populate queue][FINAL]
[debug] [2019-08-07T19:42:51.850Z] [hosting] uploads queued: 3
[debug] [2019-08-07T19:42:53.064Z] [hosting][upload queue][FINAL]
[info] +  hosting[pwagram-efcaa]: file upload complete
[debug] [2019-08-07T19:42:53.067Z] [hosting] deploy completed after 2235ms
[debug] [2019-08-07T19:42:53.155Z] >>> HTTP REQUEST GET https://cloudfunctions.googleapis.com/v1/projects/pwagram-efcaa/locations/-/functions  
 
[debug] [2019-08-07T19:42:53.604Z] <<< HTTP RESPONSE 200
[info] i  functions: updating Node.js 8 function storePostData(us-central1)...
[debug] [2019-08-07T19:42:53.612Z] Trigger is:  {"httpsTrigger":{}}
[debug] [2019-08-07T19:42:53.614Z] >>> HTTP REQUEST GET https://serviceusage.googleapis.com/v1/projects/pwagram-efcaa/services/cloudscheduler.googleapis.com  
 
[debug] [2019-08-07T19:42:53.901Z] <<< HTTP RESPONSE 200
[debug] [2019-08-07T19:42:53.903Z] >>> HTTP REQUEST PATCH https://cloudfunctions.googleapis.com/v1/projects/pwagram-efcaa/locations/us-central1/functions/storePostData {"updateMask":"sourceUploadUrl,name,labels,runtime,httpsTrigger"} 

[debug] [2019-08-07T19:42:54.352Z] <<< HTTP RESPONSE 200
[debug] [2019-08-07T19:42:54.358Z] >>> HTTP REQUEST GET https://cloudfunctions.googleapis.com/v1/projects/pwagram-efcaa/locations/-/functions  
 
[debug] [2019-08-07T19:42:54.793Z] <<< HTTP RESPONSE 200
[debug] [2019-08-07T19:42:54.796Z] >>> HTTP REQUEST GET https://cloudfunctions.googleapis.com/v1/operations/cHdhZ3JhbS1lZmNhYS91cy1jZW50cmFsMS9zdG9yZVBvc3REYXRhL21yc3VjSTRTZ0M0  
 
[debug] [2019-08-07T19:42:55.111Z] <<< HTTP RESPONSE 200
[debug] [2019-08-07T19:42:57.111Z] >>> HTTP REQUEST GET https://cloudfunctions.googleapis.com/v1/operations/cHdhZ3JhbS1lZmNhYS91cy1jZW50cmFsMS9zdG9yZVBvc3REYXRhL21yc3VjSTRTZ0M0  
 
[debug] [2019-08-07T19:42:57.400Z] <<< HTTP RESPONSE 200
[debug] [2019-08-07T19:42:59.401Z] >>> HTTP REQUEST GET https://cloudfunctions.googleapis.com/v1/operations/cHdhZ3JhbS1lZmNhYS91cy1jZW50cmFsMS9zdG9yZVBvc3REYXRhL21yc3VjSTRTZ0M0  
 
[debug] [2019-08-07T19:42:59.684Z] <<< HTTP RESPONSE 200
[debug] [2019-08-07T19:43:01.685Z] >>> HTTP REQUEST GET https://cloudfunctions.googleapis.com/v1/operations/cHdhZ3JhbS1lZmNhYS91cy1jZW50cmFsMS9zdG9yZVBvc3REYXRhL21yc3VjSTRTZ0M0  
 
[debug] [2019-08-07T19:43:02.014Z] <<< HTTP RESPONSE 200
